2023-08-08 09:25:41,347 -- cyberlib -- INFO -- -------- new run --------
2023-08-08 09:25:41,362 -- cyberlib -- INFO -- -------- new run --------
2023-08-08 09:25:41,403 -- cyberlib -- INFO -- -- created a capture object in PyShark with pcap file = /home/benjamin/Folders_Python/Cyber/data/input_pcaps/test.pcap --
2023-08-08 09:25:41,723 -- cyberlib -- DEBUG -- Instantiated PyPacket object
2023-08-08 09:25:41,731 -- cyberlib -- DEBUG -- Instantiated PyPacket object
2023-08-08 09:25:41,737 -- cyberlib -- DEBUG -- Instantiated PyPacket object
2023-08-08 09:25:41,744 -- cyberlib -- DEBUG -- Instantiated PyPacket object
2023-08-08 09:25:41,751 -- cyberlib -- DEBUG -- Instantiated PyPacket object
2023-08-08 09:25:42,038 -- cyberlib -- DEBUG -- Instantiated PyPacket object
2023-08-08 09:25:42,043 -- cyberlib -- DEBUG -- created a dataframe out of a PyPacket object
2023-08-08 09:25:42,051 -- cyberlib -- DEBUG -- Instantiated PyPacket object
2023-08-08 09:25:42,055 -- cyberlib -- DEBUG -- created a dataframe out of a PyPacket object
2023-08-08 09:25:42,061 -- cyberlib -- DEBUG -- Instantiated PyPacket object
2023-08-08 09:25:42,064 -- cyberlib -- DEBUG -- created a dataframe out of a PyPacket object
2023-08-08 09:25:42,069 -- cyberlib -- DEBUG -- Instantiated PyPacket object
2023-08-08 09:25:42,072 -- cyberlib -- DEBUG -- created a dataframe out of a PyPacket object
2023-08-08 09:25:42,081 -- cyberlib -- DEBUG -- Instantiated PyPacket object
2023-08-08 09:25:42,087 -- cyberlib -- DEBUG -- created a dataframe out of a PyPacket object
2023-08-08 09:25:42,094 -- cyberlib -- DEBUG -- Instantiated PyPacket object
2023-08-08 09:25:42,098 -- cyberlib -- DEBUG -- created a dataframe out of a PyPacket object
2023-08-08 09:25:42,102 -- cyberlib -- DEBUG -- Instantiated PyPacket object
2023-08-08 09:25:42,105 -- cyberlib -- DEBUG -- created a dataframe out of a PyPacket object
2023-08-08 09:25:42,110 -- cyberlib -- DEBUG -- Instantiated PyPacket object
2023-08-08 09:25:42,112 -- cyberlib -- DEBUG -- created a dataframe out of a PyPacket object
2023-08-08 09:25:42,117 -- cyberlib -- DEBUG -- Instantiated PyPacket object
2023-08-08 09:25:42,120 -- cyberlib -- DEBUG -- created a dataframe out of a PyPacket object
2023-08-08 09:25:42,130 -- cyberlib -- DEBUG -- Instantiated PyPacket object
2023-08-08 09:25:42,134 -- cyberlib -- DEBUG -- created a dataframe out of a PyPacket object
2023-08-08 09:25:42,142 -- cyberlib -- DEBUG -- Instantiated PyPacket object
2023-08-08 09:25:42,146 -- cyberlib -- DEBUG -- created a dataframe out of a PyPacket object
2023-08-08 09:25:42,151 -- cyberlib -- DEBUG -- Instantiated PyPacket object
2023-08-08 09:25:42,154 -- cyberlib -- DEBUG -- created a dataframe out of a PyPacket object
2023-08-08 09:25:42,163 -- cyberlib -- DEBUG -- Instantiated PyPacket object
2023-08-08 09:25:42,166 -- cyberlib -- DEBUG -- created a dataframe out of a PyPacket object
2023-08-08 09:25:42,171 -- cyberlib -- DEBUG -- Instantiated PyPacket object
2023-08-08 09:25:42,174 -- cyberlib -- DEBUG -- created a dataframe out of a PyPacket object
2023-08-08 09:25:42,183 -- cyberlib -- DEBUG -- Instantiated PyPacket object
2023-08-08 09:25:42,185 -- cyberlib -- DEBUG -- created a dataframe out of a PyPacket object
2023-08-08 09:25:42,193 -- cyberlib -- DEBUG -- Instantiated PyPacket object
2023-08-08 09:25:42,196 -- cyberlib -- DEBUG -- created a dataframe out of a PyPacket object
2023-08-08 09:25:42,202 -- cyberlib -- DEBUG -- Instantiated PyPacket object
2023-08-08 09:25:42,204 -- cyberlib -- DEBUG -- created a dataframe out of a PyPacket object
2023-08-08 09:25:42,213 -- cyberlib -- DEBUG -- Instantiated PyPacket object
2023-08-08 09:25:42,217 -- cyberlib -- DEBUG -- created a dataframe out of a PyPacket object
2023-08-08 09:25:42,221 -- cyberlib -- DEBUG -- Instantiated PyPacket object
2023-08-08 09:25:42,225 -- cyberlib -- DEBUG -- created a dataframe out of a PyPacket object
2023-08-08 09:25:42,239 -- cyberlib -- DEBUG -- Instantiated PyPacket object
2023-08-08 09:25:42,243 -- cyberlib -- DEBUG -- created a dataframe out of a PyPacket object
2023-08-08 09:25:42,250 -- cyberlib -- DEBUG -- Instantiated PyPacket object
2023-08-08 09:25:42,254 -- cyberlib -- DEBUG -- created a dataframe out of a PyPacket object
2023-08-08 09:25:42,260 -- cyberlib -- DEBUG -- Instantiated PyPacket object
2023-08-08 09:25:42,263 -- cyberlib -- DEBUG -- created a dataframe out of a PyPacket object
2023-08-08 09:25:42,268 -- cyberlib -- DEBUG -- Instantiated PyPacket object
2023-08-08 09:25:42,271 -- cyberlib -- DEBUG -- created a dataframe out of a PyPacket object
2023-08-08 09:25:42,277 -- cyberlib -- DEBUG -- Instantiated PyPacket object
2023-08-08 09:25:42,279 -- cyberlib -- DEBUG -- created a dataframe out of a PyPacket object
2023-08-08 09:25:42,286 -- cyberlib -- DEBUG -- Instantiated PyPacket object
2023-08-08 09:25:42,288 -- cyberlib -- DEBUG -- created a dataframe out of a PyPacket object
2023-08-08 09:25:42,294 -- cyberlib -- DEBUG -- Instantiated PyPacket object
2023-08-08 09:25:42,296 -- cyberlib -- DEBUG -- created a dataframe out of a PyPacket object
2023-08-08 09:25:42,300 -- cyberlib -- DEBUG -- Instantiated PyPacket object
2023-08-08 09:25:42,302 -- cyberlib -- DEBUG -- created a dataframe out of a PyPacket object
2023-08-08 09:25:42,307 -- cyberlib -- DEBUG -- Instantiated PyPacket object
2023-08-08 09:25:42,310 -- cyberlib -- DEBUG -- created a dataframe out of a PyPacket object
2023-08-08 09:25:42,316 -- cyberlib -- DEBUG -- Instantiated PyPacket object
2023-08-08 09:25:42,318 -- cyberlib -- DEBUG -- created a dataframe out of a PyPacket object
2023-08-08 09:25:42,324 -- cyberlib -- DEBUG -- Instantiated PyPacket object
2023-08-08 09:25:42,328 -- cyberlib -- DEBUG -- created a dataframe out of a PyPacket object
2023-08-08 09:25:42,338 -- cyberlib -- DEBUG -- Instantiated PyPacket object
2023-08-08 09:25:42,341 -- cyberlib -- DEBUG -- created a dataframe out of a PyPacket object
2023-08-08 09:25:42,348 -- cyberlib -- DEBUG -- Instantiated PyPacket object
2023-08-08 09:25:42,352 -- cyberlib -- DEBUG -- created a dataframe out of a PyPacket object
2023-08-08 09:25:42,359 -- cyberlib -- DEBUG -- Instantiated PyPacket object
2023-08-08 09:25:42,363 -- cyberlib -- DEBUG -- created a dataframe out of a PyPacket object
2023-08-08 09:25:42,367 -- cyberlib -- DEBUG -- Instantiated PyPacket object
2023-08-08 09:25:42,370 -- cyberlib -- DEBUG -- created a dataframe out of a PyPacket object
2023-08-08 09:25:42,376 -- cyberlib -- DEBUG -- Instantiated PyPacket object
2023-08-08 09:25:42,380 -- cyberlib -- DEBUG -- created a dataframe out of a PyPacket object
2023-08-08 09:25:42,387 -- cyberlib -- DEBUG -- Instantiated PyPacket object
2023-08-08 09:25:42,389 -- cyberlib -- DEBUG -- created a dataframe out of a PyPacket object
2023-08-08 09:25:42,394 -- cyberlib -- DEBUG -- Instantiated PyPacket object
2023-08-08 09:25:42,398 -- cyberlib -- DEBUG -- created a dataframe out of a PyPacket object
2023-08-08 09:25:42,403 -- cyberlib -- DEBUG -- Instantiated PyPacket object
2023-08-08 09:25:42,405 -- cyberlib -- DEBUG -- created a dataframe out of a PyPacket object
2023-08-08 09:25:42,411 -- cyberlib -- DEBUG -- Instantiated PyPacket object
2023-08-08 09:25:42,414 -- cyberlib -- DEBUG -- created a dataframe out of a PyPacket object
2023-08-08 09:25:42,419 -- cyberlib -- DEBUG -- Instantiated PyPacket object
2023-08-08 09:25:42,421 -- cyberlib -- DEBUG -- created a dataframe out of a PyPacket object
2023-08-08 09:25:42,427 -- cyberlib -- DEBUG -- Instantiated PyPacket object
2023-08-08 09:25:42,431 -- cyberlib -- DEBUG -- created a dataframe out of a PyPacket object
2023-08-08 09:25:42,437 -- cyberlib -- DEBUG -- Instantiated PyPacket object
2023-08-08 09:25:42,439 -- cyberlib -- DEBUG -- created a dataframe out of a PyPacket object
2023-08-08 09:25:42,444 -- cyberlib -- DEBUG -- Instantiated PyPacket object
2023-08-08 09:25:42,447 -- cyberlib -- DEBUG -- created a dataframe out of a PyPacket object
2023-08-08 09:25:42,453 -- cyberlib -- DEBUG -- Instantiated PyPacket object
2023-08-08 09:25:42,456 -- cyberlib -- DEBUG -- created a dataframe out of a PyPacket object
2023-08-08 09:25:42,464 -- cyberlib -- DEBUG -- Instantiated PyPacket object
2023-08-08 09:25:42,466 -- cyberlib -- DEBUG -- created a dataframe out of a PyPacket object
2023-08-08 09:25:42,471 -- cyberlib -- DEBUG -- Instantiated PyPacket object
2023-08-08 09:25:42,473 -- cyberlib -- DEBUG -- created a dataframe out of a PyPacket object
2023-08-08 09:25:42,480 -- cyberlib -- DEBUG -- Instantiated PyPacket object
2023-08-08 09:25:42,483 -- cyberlib -- DEBUG -- created a dataframe out of a PyPacket object
2023-08-08 09:25:42,487 -- cyberlib -- DEBUG -- Instantiated PyPacket object
2023-08-08 09:25:42,491 -- cyberlib -- DEBUG -- created a dataframe out of a PyPacket object
2023-08-08 09:25:42,498 -- cyberlib -- DEBUG -- Instantiated PyPacket object
2023-08-08 09:25:42,500 -- cyberlib -- DEBUG -- created a dataframe out of a PyPacket object
2023-08-08 09:25:42,505 -- cyberlib -- DEBUG -- Instantiated PyPacket object
2023-08-08 09:25:42,509 -- cyberlib -- DEBUG -- created a dataframe out of a PyPacket object
2023-08-08 09:25:42,514 -- cyberlib -- DEBUG -- Instantiated PyPacket object
2023-08-08 09:25:42,517 -- cyberlib -- DEBUG -- created a dataframe out of a PyPacket object
2023-08-08 09:25:42,523 -- cyberlib -- DEBUG -- Instantiated PyPacket object
2023-08-08 09:25:42,527 -- cyberlib -- DEBUG -- created a dataframe out of a PyPacket object
2023-08-08 09:25:42,533 -- cyberlib -- DEBUG -- Instantiated PyPacket object
2023-08-08 09:25:42,536 -- cyberlib -- DEBUG -- created a dataframe out of a PyPacket object
2023-08-08 09:25:42,541 -- cyberlib -- DEBUG -- Instantiated PyPacket object
2023-08-08 09:25:42,545 -- cyberlib -- DEBUG -- created a dataframe out of a PyPacket object
2023-08-08 09:25:42,552 -- cyberlib -- DEBUG -- Instantiated PyPacket object
2023-08-08 09:25:42,556 -- cyberlib -- DEBUG -- created a dataframe out of a PyPacket object
2023-08-08 09:25:42,563 -- cyberlib -- DEBUG -- Instantiated PyPacket object
2023-08-08 09:25:42,566 -- cyberlib -- DEBUG -- created a dataframe out of a PyPacket object
2023-08-08 09:25:42,571 -- cyberlib -- DEBUG -- Instantiated PyPacket object
2023-08-08 09:25:42,573 -- cyberlib -- DEBUG -- created a dataframe out of a PyPacket object
2023-08-08 09:25:42,580 -- cyberlib -- DEBUG -- Instantiated PyPacket object
2023-08-08 09:25:42,582 -- cyberlib -- DEBUG -- created a dataframe out of a PyPacket object
2023-08-08 09:25:42,588 -- cyberlib -- DEBUG -- Instantiated PyPacket object
2023-08-08 09:25:42,591 -- cyberlib -- DEBUG -- created a dataframe out of a PyPacket object
2023-08-08 09:25:42,599 -- cyberlib -- DEBUG -- Instantiated PyPacket object
2023-08-08 09:25:42,601 -- cyberlib -- DEBUG -- created a dataframe out of a PyPacket object
2023-08-08 09:25:42,605 -- cyberlib -- DEBUG -- Instantiated PyPacket object
2023-08-08 09:25:42,608 -- cyberlib -- DEBUG -- created a dataframe out of a PyPacket object
2023-08-08 09:25:42,616 -- cyberlib -- DEBUG -- Instantiated PyPacket object
2023-08-08 09:25:42,619 -- cyberlib -- DEBUG -- created a dataframe out of a PyPacket object
2023-08-08 09:25:42,624 -- cyberlib -- DEBUG -- Instantiated PyPacket object
2023-08-08 09:25:42,628 -- cyberlib -- DEBUG -- created a dataframe out of a PyPacket object
2023-08-08 09:25:42,635 -- cyberlib -- DEBUG -- Instantiated PyPacket object
2023-08-08 09:25:42,638 -- cyberlib -- DEBUG -- created a dataframe out of a PyPacket object
2023-08-08 09:25:42,642 -- cyberlib -- DEBUG -- Instantiated PyPacket object
2023-08-08 09:25:42,647 -- cyberlib -- DEBUG -- created a dataframe out of a PyPacket object
2023-08-08 09:25:42,656 -- cyberlib -- DEBUG -- Instantiated PyPacket object
2023-08-08 09:25:42,660 -- cyberlib -- DEBUG -- created a dataframe out of a PyPacket object
2023-08-08 09:25:42,669 -- cyberlib -- DEBUG -- Instantiated PyPacket object
2023-08-08 09:25:42,672 -- cyberlib -- DEBUG -- created a dataframe out of a PyPacket object
2023-08-08 09:25:42,678 -- cyberlib -- DEBUG -- Instantiated PyPacket object
2023-08-08 09:25:42,682 -- cyberlib -- DEBUG -- created a dataframe out of a PyPacket object
2023-08-08 09:25:42,688 -- cyberlib -- DEBUG -- Instantiated PyPacket object
2023-08-08 09:25:42,690 -- cyberlib -- DEBUG -- created a dataframe out of a PyPacket object
2023-08-08 09:25:42,698 -- cyberlib -- DEBUG -- Instantiated PyPacket object
2023-08-08 09:25:42,701 -- cyberlib -- DEBUG -- created a dataframe out of a PyPacket object
2023-08-08 09:25:42,706 -- cyberlib -- DEBUG -- Instantiated PyPacket object
2023-08-08 09:25:42,709 -- cyberlib -- DEBUG -- created a dataframe out of a PyPacket object
2023-08-08 09:25:42,715 -- cyberlib -- DEBUG -- Instantiated PyPacket object
2023-08-08 09:25:42,717 -- cyberlib -- DEBUG -- created a dataframe out of a PyPacket object
2023-08-08 09:25:42,723 -- cyberlib -- DEBUG -- Instantiated PyPacket object
2023-08-08 09:25:42,726 -- cyberlib -- DEBUG -- created a dataframe out of a PyPacket object
2023-08-08 09:25:42,732 -- cyberlib -- DEBUG -- Instantiated PyPacket object
2023-08-08 09:25:42,735 -- cyberlib -- DEBUG -- created a dataframe out of a PyPacket object
2023-08-08 09:25:42,740 -- cyberlib -- DEBUG -- Instantiated PyPacket object
2023-08-08 09:25:42,743 -- cyberlib -- DEBUG -- created a dataframe out of a PyPacket object
2023-08-08 09:25:42,748 -- cyberlib -- DEBUG -- Instantiated PyPacket object
2023-08-08 09:25:42,750 -- cyberlib -- DEBUG -- created a dataframe out of a PyPacket object
2023-08-08 09:25:42,758 -- cyberlib -- DEBUG -- Instantiated PyPacket object
2023-08-08 09:25:42,762 -- cyberlib -- DEBUG -- created a dataframe out of a PyPacket object
2023-08-08 09:25:42,768 -- cyberlib -- DEBUG -- Instantiated PyPacket object
2023-08-08 09:25:42,771 -- cyberlib -- DEBUG -- created a dataframe out of a PyPacket object
2023-08-08 09:25:42,780 -- cyberlib -- DEBUG -- Instantiated PyPacket object
2023-08-08 09:25:42,783 -- cyberlib -- DEBUG -- created a dataframe out of a PyPacket object
2023-08-08 09:25:42,788 -- cyberlib -- DEBUG -- Instantiated PyPacket object
2023-08-08 09:25:42,791 -- cyberlib -- DEBUG -- created a dataframe out of a PyPacket object
2023-08-08 09:25:42,800 -- cyberlib -- DEBUG -- Instantiated PyPacket object
2023-08-08 09:25:42,803 -- cyberlib -- DEBUG -- created a dataframe out of a PyPacket object
2023-08-08 09:25:42,809 -- cyberlib -- DEBUG -- Instantiated PyPacket object
2023-08-08 09:25:42,813 -- cyberlib -- DEBUG -- created a dataframe out of a PyPacket object
2023-08-08 09:25:42,819 -- cyberlib -- DEBUG -- Instantiated PyPacket object
2023-08-08 09:25:42,823 -- cyberlib -- DEBUG -- created a dataframe out of a PyPacket object
2023-08-08 09:25:42,838 -- cyberlib -- DEBUG -- Instantiated PyPacket object
2023-08-08 09:25:42,841 -- cyberlib -- DEBUG -- created a dataframe out of a PyPacket object
2023-08-08 09:25:42,847 -- cyberlib -- DEBUG -- Instantiated PyPacket object
2023-08-08 09:25:42,849 -- cyberlib -- DEBUG -- created a dataframe out of a PyPacket object
2023-08-08 09:25:42,855 -- cyberlib -- DEBUG -- Instantiated PyPacket object
2023-08-08 09:25:42,857 -- cyberlib -- DEBUG -- created a dataframe out of a PyPacket object
2023-08-08 09:25:42,865 -- cyberlib -- DEBUG -- Instantiated PyPacket object
2023-08-08 09:25:42,869 -- cyberlib -- DEBUG -- created a dataframe out of a PyPacket object
2023-08-08 09:25:42,873 -- cyberlib -- DEBUG -- Instantiated PyPacket object
2023-08-08 09:25:42,877 -- cyberlib -- DEBUG -- created a dataframe out of a PyPacket object
2023-08-08 09:25:42,884 -- cyberlib -- DEBUG -- Instantiated PyPacket object
2023-08-08 09:25:42,886 -- cyberlib -- DEBUG -- created a dataframe out of a PyPacket object
2023-08-08 09:25:42,890 -- cyberlib -- DEBUG -- Instantiated PyPacket object
2023-08-08 09:25:42,893 -- cyberlib -- DEBUG -- created a dataframe out of a PyPacket object
2023-08-08 09:25:43,137 -- cyberlib -- DEBUG -- Instantiated PyPacket object
2023-08-08 09:25:43,139 -- cyberlib -- DEBUG -- created a dataframe out of a PyPacket object
2023-08-08 09:25:43,145 -- cyberlib -- DEBUG -- Instantiated PyPacket object
2023-08-08 09:25:43,148 -- cyberlib -- DEBUG -- created a dataframe out of a PyPacket object
2023-08-08 09:25:43,154 -- cyberlib -- DEBUG -- Instantiated PyPacket object
2023-08-08 09:25:43,157 -- cyberlib -- DEBUG -- created a dataframe out of a PyPacket object
2023-08-08 09:25:43,162 -- cyberlib -- DEBUG -- Instantiated PyPacket object
2023-08-08 09:25:43,165 -- cyberlib -- DEBUG -- created a dataframe out of a PyPacket object
2023-08-08 09:25:43,169 -- cyberlib -- DEBUG -- Instantiated PyPacket object
2023-08-08 09:25:43,173 -- cyberlib -- DEBUG -- created a dataframe out of a PyPacket object
2023-08-08 09:25:43,180 -- cyberlib -- DEBUG -- Instantiated PyPacket object
2023-08-08 09:25:43,183 -- cyberlib -- DEBUG -- created a dataframe out of a PyPacket object
2023-08-08 09:25:43,189 -- cyberlib -- DEBUG -- Instantiated PyPacket object
2023-08-08 09:25:43,191 -- cyberlib -- DEBUG -- created a dataframe out of a PyPacket object
2023-08-08 09:25:43,201 -- cyberlib -- DEBUG -- Instantiated PyPacket object
2023-08-08 09:25:43,203 -- cyberlib -- DEBUG -- created a dataframe out of a PyPacket object
2023-08-08 09:25:43,210 -- cyberlib -- DEBUG -- Instantiated PyPacket object
2023-08-08 09:25:43,214 -- cyberlib -- DEBUG -- created a dataframe out of a PyPacket object
2023-08-08 09:25:43,221 -- cyberlib -- DEBUG -- Instantiated PyPacket object
2023-08-08 09:25:43,223 -- cyberlib -- DEBUG -- created a dataframe out of a PyPacket object
2023-08-08 09:25:43,229 -- cyberlib -- DEBUG -- Instantiated PyPacket object
2023-08-08 09:25:43,233 -- cyberlib -- DEBUG -- created a dataframe out of a PyPacket object
2023-08-08 09:25:43,237 -- cyberlib -- DEBUG -- Instantiated PyPacket object
2023-08-08 09:25:43,240 -- cyberlib -- DEBUG -- created a dataframe out of a PyPacket object
2023-08-08 09:25:43,247 -- cyberlib -- DEBUG -- Instantiated PyPacket object
2023-08-08 09:25:43,250 -- cyberlib -- DEBUG -- created a dataframe out of a PyPacket object
2023-08-08 09:25:43,255 -- cyberlib -- DEBUG -- Instantiated PyPacket object
2023-08-08 09:25:43,258 -- cyberlib -- DEBUG -- created a dataframe out of a PyPacket object
2023-08-08 09:25:43,267 -- cyberlib -- DEBUG -- Instantiated PyPacket object
2023-08-08 09:25:43,270 -- cyberlib -- DEBUG -- created a dataframe out of a PyPacket object
2023-08-08 09:25:43,275 -- cyberlib -- DEBUG -- Instantiated PyPacket object
2023-08-08 09:25:43,279 -- cyberlib -- DEBUG -- created a dataframe out of a PyPacket object
2023-08-08 09:25:43,872 -- cyberlib -- DEBUG -- Instantiated PyPacket object
2023-08-08 09:25:43,877 -- cyberlib -- DEBUG -- created a dataframe out of a PyPacket object
2023-08-08 09:25:43,887 -- cyberlib -- DEBUG -- Instantiated PyPacket object
2023-08-08 09:25:43,891 -- cyberlib -- DEBUG -- created a dataframe out of a PyPacket object
2023-08-08 09:25:43,902 -- cyberlib -- DEBUG -- Instantiated PyPacket object
2023-08-08 09:25:43,906 -- cyberlib -- DEBUG -- created a dataframe out of a PyPacket object
2023-08-08 09:25:43,915 -- cyberlib -- DEBUG -- Instantiated PyPacket object
2023-08-08 09:25:43,919 -- cyberlib -- DEBUG -- created a dataframe out of a PyPacket object
2023-08-08 09:25:43,928 -- cyberlib -- DEBUG -- Instantiated PyPacket object
2023-08-08 09:25:43,932 -- cyberlib -- DEBUG -- created a dataframe out of a PyPacket object
2023-08-08 09:25:43,944 -- cyberlib -- DEBUG -- Instantiated PyPacket object
2023-08-08 09:25:43,953 -- cyberlib -- DEBUG -- created a dataframe out of a PyPacket object
2023-08-08 09:25:43,960 -- cyberlib -- DEBUG -- Instantiated PyPacket object
2023-08-08 09:25:43,965 -- cyberlib -- DEBUG -- created a dataframe out of a PyPacket object
2023-08-08 09:25:43,972 -- cyberlib -- DEBUG -- Instantiated PyPacket object
2023-08-08 09:25:43,976 -- cyberlib -- DEBUG -- created a dataframe out of a PyPacket object
2023-08-08 09:25:43,985 -- cyberlib -- DEBUG -- Instantiated PyPacket object
2023-08-08 09:25:43,991 -- cyberlib -- DEBUG -- created a dataframe out of a PyPacket object
2023-08-08 09:25:44,001 -- cyberlib -- DEBUG -- Instantiated PyPacket object
2023-08-08 09:25:44,007 -- cyberlib -- DEBUG -- created a dataframe out of a PyPacket object
2023-08-08 09:25:44,015 -- cyberlib -- DEBUG -- Instantiated PyPacket object
2023-08-08 09:25:44,019 -- cyberlib -- DEBUG -- created a dataframe out of a PyPacket object
2023-08-08 09:25:44,028 -- cyberlib -- DEBUG -- Instantiated PyPacket object
2023-08-08 09:25:44,032 -- cyberlib -- DEBUG -- created a dataframe out of a PyPacket object
2023-08-08 09:25:44,048 -- cyberlib -- DEBUG -- Instantiated PyPacket object
2023-08-08 09:25:44,053 -- cyberlib -- DEBUG -- created a dataframe out of a PyPacket object
2023-08-08 09:25:44,065 -- cyberlib -- DEBUG -- Instantiated PyPacket object
2023-08-08 09:25:44,068 -- cyberlib -- DEBUG -- created a dataframe out of a PyPacket object
2023-08-08 09:25:44,078 -- cyberlib -- DEBUG -- Instantiated PyPacket object
2023-08-08 09:25:44,083 -- cyberlib -- DEBUG -- created a dataframe out of a PyPacket object
2023-08-08 09:25:44,092 -- cyberlib -- DEBUG -- Instantiated PyPacket object
2023-08-08 09:25:44,097 -- cyberlib -- DEBUG -- created a dataframe out of a PyPacket object
2023-08-08 09:25:44,104 -- cyberlib -- DEBUG -- Instantiated PyPacket object
2023-08-08 09:25:44,109 -- cyberlib -- DEBUG -- created a dataframe out of a PyPacket object
2023-08-08 09:25:44,118 -- cyberlib -- DEBUG -- Instantiated PyPacket object
2023-08-08 09:25:44,122 -- cyberlib -- DEBUG -- created a dataframe out of a PyPacket object
2023-08-08 09:25:44,128 -- cyberlib -- DEBUG -- Instantiated PyPacket object
2023-08-08 09:25:44,133 -- cyberlib -- DEBUG -- created a dataframe out of a PyPacket object
2023-08-08 09:25:44,159 -- cyberlib -- DEBUG -- Instantiated PyPacket object
2023-08-08 09:25:44,163 -- cyberlib -- DEBUG -- created a dataframe out of a PyPacket object
2023-08-08 09:25:44,175 -- cyberlib -- DEBUG -- Instantiated PyPacket object
2023-08-08 09:25:44,179 -- cyberlib -- DEBUG -- created a dataframe out of a PyPacket object
2023-08-08 09:25:44,191 -- cyberlib -- DEBUG -- Instantiated PyPacket object
2023-08-08 09:25:44,196 -- cyberlib -- DEBUG -- created a dataframe out of a PyPacket object
2023-08-08 09:25:44,206 -- cyberlib -- DEBUG -- Instantiated PyPacket object
2023-08-08 09:25:44,209 -- cyberlib -- DEBUG -- created a dataframe out of a PyPacket object
2023-08-08 09:25:44,220 -- cyberlib -- DEBUG -- Instantiated PyPacket object
2023-08-08 09:25:44,224 -- cyberlib -- DEBUG -- created a dataframe out of a PyPacket object
2023-08-08 09:25:44,236 -- cyberlib -- DEBUG -- Instantiated PyPacket object
2023-08-08 09:25:44,241 -- cyberlib -- DEBUG -- created a dataframe out of a PyPacket object
2023-08-08 09:25:44,252 -- cyberlib -- DEBUG -- Instantiated PyPacket object
2023-08-08 09:25:44,255 -- cyberlib -- DEBUG -- created a dataframe out of a PyPacket object
2023-08-08 09:25:44,261 -- cyberlib -- DEBUG -- Instantiated PyPacket object
2023-08-08 09:25:44,264 -- cyberlib -- DEBUG -- created a dataframe out of a PyPacket object
2023-08-08 09:25:44,269 -- cyberlib -- DEBUG -- Instantiated PyPacket object
2023-08-08 09:25:44,272 -- cyberlib -- DEBUG -- created a dataframe out of a PyPacket object
2023-08-08 09:25:44,278 -- cyberlib -- DEBUG -- Instantiated PyPacket object
2023-08-08 09:25:44,282 -- cyberlib -- DEBUG -- created a dataframe out of a PyPacket object
2023-08-08 09:25:44,288 -- cyberlib -- DEBUG -- Instantiated PyPacket object
2023-08-08 09:25:44,290 -- cyberlib -- DEBUG -- created a dataframe out of a PyPacket object
2023-08-08 09:25:44,302 -- cyberlib -- DEBUG -- Instantiated PyPacket object
2023-08-08 09:25:44,306 -- cyberlib -- DEBUG -- created a dataframe out of a PyPacket object
2023-08-08 09:25:44,311 -- cyberlib -- DEBUG -- Instantiated PyPacket object
2023-08-08 09:25:44,313 -- cyberlib -- DEBUG -- created a dataframe out of a PyPacket object
2023-08-08 09:25:44,321 -- cyberlib -- DEBUG -- Instantiated PyPacket object
2023-08-08 09:25:44,323 -- cyberlib -- DEBUG -- created a dataframe out of a PyPacket object
2023-08-08 09:25:44,329 -- cyberlib -- DEBUG -- Instantiated PyPacket object
2023-08-08 09:25:44,332 -- cyberlib -- DEBUG -- created a dataframe out of a PyPacket object
2023-08-08 09:25:44,338 -- cyberlib -- DEBUG -- Instantiated PyPacket object
2023-08-08 09:25:44,342 -- cyberlib -- DEBUG -- created a dataframe out of a PyPacket object
2023-08-08 09:25:44,352 -- cyberlib -- DEBUG -- Instantiated PyPacket object
2023-08-08 09:25:44,355 -- cyberlib -- DEBUG -- created a dataframe out of a PyPacket object
2023-08-08 09:25:44,359 -- cyberlib -- DEBUG -- Instantiated PyPacket object
2023-08-08 09:25:44,362 -- cyberlib -- DEBUG -- created a dataframe out of a PyPacket object
2023-08-08 09:25:44,368 -- cyberlib -- DEBUG -- Instantiated PyPacket object
2023-08-08 09:25:44,371 -- cyberlib -- DEBUG -- created a dataframe out of a PyPacket object
2023-08-08 09:25:44,378 -- cyberlib -- DEBUG -- Instantiated PyPacket object
2023-08-08 09:25:44,381 -- cyberlib -- DEBUG -- created a dataframe out of a PyPacket object
2023-08-08 09:25:44,386 -- cyberlib -- DEBUG -- Instantiated PyPacket object
2023-08-08 09:25:44,388 -- cyberlib -- DEBUG -- created a dataframe out of a PyPacket object
2023-08-08 09:25:44,394 -- cyberlib -- DEBUG -- Instantiated PyPacket object
2023-08-08 09:25:44,397 -- cyberlib -- DEBUG -- created a dataframe out of a PyPacket object
2023-08-08 09:25:44,405 -- cyberlib -- DEBUG -- Instantiated PyPacket object
2023-08-08 09:25:44,407 -- cyberlib -- DEBUG -- created a dataframe out of a PyPacket object
2023-08-08 09:25:44,412 -- cyberlib -- DEBUG -- Instantiated PyPacket object
2023-08-08 09:25:44,415 -- cyberlib -- DEBUG -- created a dataframe out of a PyPacket object
2023-08-08 09:25:44,424 -- cyberlib -- DEBUG -- Instantiated PyPacket object
2023-08-08 09:25:44,427 -- cyberlib -- DEBUG -- created a dataframe out of a PyPacket object
2023-08-08 09:25:44,434 -- cyberlib -- DEBUG -- Instantiated PyPacket object
2023-08-08 09:25:44,438 -- cyberlib -- DEBUG -- created a dataframe out of a PyPacket object
2023-08-08 09:25:44,444 -- cyberlib -- DEBUG -- Instantiated PyPacket object
2023-08-08 09:25:44,447 -- cyberlib -- DEBUG -- created a dataframe out of a PyPacket object
2023-08-08 09:25:44,454 -- cyberlib -- DEBUG -- Instantiated PyPacket object
2023-08-08 09:25:44,458 -- cyberlib -- DEBUG -- created a dataframe out of a PyPacket object
2023-08-08 09:25:44,463 -- cyberlib -- DEBUG -- Instantiated PyPacket object
2023-08-08 09:25:44,466 -- cyberlib -- DEBUG -- created a dataframe out of a PyPacket object
2023-08-08 09:25:44,474 -- cyberlib -- DEBUG -- Instantiated PyPacket object
2023-08-08 09:25:44,478 -- cyberlib -- DEBUG -- created a dataframe out of a PyPacket object
2023-08-08 09:25:44,485 -- cyberlib -- DEBUG -- Instantiated PyPacket object
2023-08-08 09:25:44,489 -- cyberlib -- DEBUG -- created a dataframe out of a PyPacket object
2023-08-08 09:25:44,494 -- cyberlib -- DEBUG -- Instantiated PyPacket object
2023-08-08 09:25:44,497 -- cyberlib -- DEBUG -- created a dataframe out of a PyPacket object
2023-08-08 09:25:44,504 -- cyberlib -- DEBUG -- Instantiated PyPacket object
2023-08-08 09:25:44,507 -- cyberlib -- DEBUG -- created a dataframe out of a PyPacket object
2023-08-08 09:25:44,513 -- cyberlib -- DEBUG -- Instantiated PyPacket object
2023-08-08 09:25:44,517 -- cyberlib -- DEBUG -- created a dataframe out of a PyPacket object
2023-08-08 09:25:44,522 -- cyberlib -- DEBUG -- Instantiated PyPacket object
2023-08-08 09:25:44,524 -- cyberlib -- DEBUG -- created a dataframe out of a PyPacket object
2023-08-08 09:25:44,530 -- cyberlib -- DEBUG -- Instantiated PyPacket object
2023-08-08 09:25:44,533 -- cyberlib -- DEBUG -- created a dataframe out of a PyPacket object
2023-08-08 09:25:44,539 -- cyberlib -- DEBUG -- Instantiated PyPacket object
2023-08-08 09:25:44,543 -- cyberlib -- DEBUG -- created a dataframe out of a PyPacket object
2023-08-08 09:25:44,551 -- cyberlib -- DEBUG -- Instantiated PyPacket object
2023-08-08 09:25:44,556 -- cyberlib -- DEBUG -- created a dataframe out of a PyPacket object
2023-08-08 09:25:44,562 -- cyberlib -- DEBUG -- Instantiated PyPacket object
2023-08-08 09:25:44,566 -- cyberlib -- DEBUG -- created a dataframe out of a PyPacket object
2023-08-08 09:25:44,573 -- cyberlib -- DEBUG -- Instantiated PyPacket object
2023-08-08 09:25:44,576 -- cyberlib -- DEBUG -- created a dataframe out of a PyPacket object
2023-08-08 09:25:44,581 -- cyberlib -- DEBUG -- Instantiated PyPacket object
2023-08-08 09:25:44,585 -- cyberlib -- DEBUG -- created a dataframe out of a PyPacket object
2023-08-08 09:25:44,592 -- cyberlib -- DEBUG -- Instantiated PyPacket object
2023-08-08 09:25:44,596 -- cyberlib -- DEBUG -- created a dataframe out of a PyPacket object
2023-08-08 09:25:44,605 -- cyberlib -- DEBUG -- Instantiated PyPacket object
2023-08-08 09:25:44,609 -- cyberlib -- DEBUG -- created a dataframe out of a PyPacket object
2023-08-08 09:25:44,616 -- cyberlib -- DEBUG -- Instantiated PyPacket object
2023-08-08 09:25:44,619 -- cyberlib -- DEBUG -- created a dataframe out of a PyPacket object
2023-08-08 09:25:44,626 -- cyberlib -- DEBUG -- Instantiated PyPacket object
2023-08-08 09:25:44,629 -- cyberlib -- DEBUG -- created a dataframe out of a PyPacket object
2023-08-08 09:25:44,634 -- cyberlib -- DEBUG -- Instantiated PyPacket object
2023-08-08 09:25:44,638 -- cyberlib -- DEBUG -- created a dataframe out of a PyPacket object
2023-08-08 09:25:44,643 -- cyberlib -- DEBUG -- Instantiated PyPacket object
2023-08-08 09:25:44,647 -- cyberlib -- DEBUG -- created a dataframe out of a PyPacket object
2023-08-08 09:25:44,653 -- cyberlib -- DEBUG -- Instantiated PyPacket object
2023-08-08 09:25:44,656 -- cyberlib -- DEBUG -- created a dataframe out of a PyPacket object
2023-08-08 09:25:44,662 -- cyberlib -- DEBUG -- Instantiated PyPacket object
2023-08-08 09:25:44,665 -- cyberlib -- DEBUG -- created a dataframe out of a PyPacket object
2023-08-08 09:25:44,673 -- cyberlib -- DEBUG -- Instantiated PyPacket object
2023-08-08 09:25:44,676 -- cyberlib -- DEBUG -- created a dataframe out of a PyPacket object
2023-08-08 09:25:44,682 -- cyberlib -- DEBUG -- Instantiated PyPacket object
2023-08-08 09:25:44,684 -- cyberlib -- DEBUG -- created a dataframe out of a PyPacket object
2023-08-08 09:25:44,689 -- cyberlib -- DEBUG -- Instantiated PyPacket object
2023-08-08 09:25:44,693 -- cyberlib -- DEBUG -- created a dataframe out of a PyPacket object
2023-08-08 09:25:44,700 -- cyberlib -- DEBUG -- Instantiated PyPacket object
2023-08-08 09:25:44,703 -- cyberlib -- DEBUG -- created a dataframe out of a PyPacket object
2023-08-08 09:25:44,710 -- cyberlib -- DEBUG -- Instantiated PyPacket object
2023-08-08 09:25:44,712 -- cyberlib -- DEBUG -- created a dataframe out of a PyPacket object
2023-08-08 09:25:44,718 -- cyberlib -- DEBUG -- Instantiated PyPacket object
2023-08-08 09:25:44,721 -- cyberlib -- DEBUG -- created a dataframe out of a PyPacket object
2023-08-08 09:25:44,727 -- cyberlib -- DEBUG -- Instantiated PyPacket object
2023-08-08 09:25:44,730 -- cyberlib -- DEBUG -- created a dataframe out of a PyPacket object
2023-08-08 09:25:44,736 -- cyberlib -- DEBUG -- Instantiated PyPacket object
2023-08-08 09:25:44,739 -- cyberlib -- DEBUG -- created a dataframe out of a PyPacket object
2023-08-08 09:25:44,746 -- cyberlib -- DEBUG -- Instantiated PyPacket object
2023-08-08 09:25:44,748 -- cyberlib -- DEBUG -- created a dataframe out of a PyPacket object
2023-08-08 09:25:44,755 -- cyberlib -- DEBUG -- Instantiated PyPacket object
2023-08-08 09:25:44,757 -- cyberlib -- DEBUG -- created a dataframe out of a PyPacket object
2023-08-08 09:25:44,763 -- cyberlib -- DEBUG -- Instantiated PyPacket object
2023-08-08 09:25:44,765 -- cyberlib -- DEBUG -- created a dataframe out of a PyPacket object
2023-08-08 09:25:44,771 -- cyberlib -- DEBUG -- Instantiated PyPacket object
2023-08-08 09:25:44,773 -- cyberlib -- DEBUG -- created a dataframe out of a PyPacket object
2023-08-08 09:25:44,780 -- cyberlib -- DEBUG -- Instantiated PyPacket object
2023-08-08 09:25:44,783 -- cyberlib -- DEBUG -- created a dataframe out of a PyPacket object
2023-08-08 09:25:44,789 -- cyberlib -- DEBUG -- Instantiated PyPacket object
2023-08-08 09:25:44,793 -- cyberlib -- DEBUG -- created a dataframe out of a PyPacket object
2023-08-08 09:25:44,797 -- cyberlib -- DEBUG -- Instantiated PyPacket object
2023-08-08 09:25:44,801 -- cyberlib -- DEBUG -- created a dataframe out of a PyPacket object
2023-08-08 09:25:44,818 -- cyberlib -- DEBUG -- Instantiated PyPacket object
2023-08-08 09:25:44,822 -- cyberlib -- DEBUG -- created a dataframe out of a PyPacket object
2023-08-08 09:25:44,830 -- cyberlib -- DEBUG -- Instantiated PyPacket object
2023-08-08 09:25:44,833 -- cyberlib -- DEBUG -- created a dataframe out of a PyPacket object
2023-08-08 09:25:44,838 -- cyberlib -- DEBUG -- Instantiated PyPacket object
2023-08-08 09:25:44,841 -- cyberlib -- DEBUG -- created a dataframe out of a PyPacket object
2023-08-08 09:25:44,847 -- cyberlib -- DEBUG -- Instantiated PyPacket object
2023-08-08 09:25:44,850 -- cyberlib -- DEBUG -- created a dataframe out of a PyPacket object
2023-08-08 09:25:44,855 -- cyberlib -- DEBUG -- Instantiated PyPacket object
2023-08-08 09:25:44,858 -- cyberlib -- DEBUG -- created a dataframe out of a PyPacket object
2023-08-08 09:25:44,864 -- cyberlib -- DEBUG -- Instantiated PyPacket object
2023-08-08 09:25:44,867 -- cyberlib -- DEBUG -- created a dataframe out of a PyPacket object
2023-08-08 09:25:44,873 -- cyberlib -- DEBUG -- Instantiated PyPacket object
2023-08-08 09:25:44,876 -- cyberlib -- DEBUG -- created a dataframe out of a PyPacket object
2023-08-08 09:25:45,115 -- cyberlib -- DEBUG -- Instantiated PyPacket object
2023-08-08 09:25:45,118 -- cyberlib -- DEBUG -- created a dataframe out of a PyPacket object
2023-08-08 09:25:45,124 -- cyberlib -- DEBUG -- Instantiated PyPacket object
2023-08-08 09:25:45,127 -- cyberlib -- DEBUG -- created a dataframe out of a PyPacket object
2023-08-08 09:25:45,132 -- cyberlib -- DEBUG -- Instantiated PyPacket object
2023-08-08 09:25:45,136 -- cyberlib -- DEBUG -- created a dataframe out of a PyPacket object
2023-08-08 09:25:45,142 -- cyberlib -- DEBUG -- Instantiated PyPacket object
2023-08-08 09:25:45,145 -- cyberlib -- DEBUG -- created a dataframe out of a PyPacket object
2023-08-08 09:25:45,149 -- cyberlib -- DEBUG -- Instantiated PyPacket object
2023-08-08 09:25:45,152 -- cyberlib -- DEBUG -- created a dataframe out of a PyPacket object
2023-08-08 09:25:45,159 -- cyberlib -- DEBUG -- Instantiated PyPacket object
2023-08-08 09:25:45,164 -- cyberlib -- DEBUG -- created a dataframe out of a PyPacket object
2023-08-08 09:25:45,175 -- cyberlib -- DEBUG -- Instantiated PyPacket object
2023-08-08 09:25:45,180 -- cyberlib -- DEBUG -- created a dataframe out of a PyPacket object
2023-08-08 09:25:45,190 -- cyberlib -- DEBUG -- Instantiated PyPacket object
2023-08-08 09:25:45,194 -- cyberlib -- DEBUG -- created a dataframe out of a PyPacket object
2023-08-08 09:25:45,204 -- cyberlib -- DEBUG -- Instantiated PyPacket object
2023-08-08 09:25:45,207 -- cyberlib -- DEBUG -- created a dataframe out of a PyPacket object
2023-08-08 09:25:45,218 -- cyberlib -- DEBUG -- Instantiated PyPacket object
2023-08-08 09:25:45,222 -- cyberlib -- DEBUG -- created a dataframe out of a PyPacket object
2023-08-08 09:25:45,228 -- cyberlib -- DEBUG -- Instantiated PyPacket object
2023-08-08 09:25:45,231 -- cyberlib -- DEBUG -- created a dataframe out of a PyPacket object
2023-08-08 09:25:45,238 -- cyberlib -- DEBUG -- Instantiated PyPacket object
2023-08-08 09:25:45,243 -- cyberlib -- DEBUG -- created a dataframe out of a PyPacket object
2023-08-08 09:25:45,252 -- cyberlib -- DEBUG -- Instantiated PyPacket object
2023-08-08 09:25:45,257 -- cyberlib -- DEBUG -- created a dataframe out of a PyPacket object
2023-08-08 09:25:45,262 -- cyberlib -- DEBUG -- Instantiated PyPacket object
2023-08-08 09:25:45,265 -- cyberlib -- DEBUG -- created a dataframe out of a PyPacket object
2023-08-08 09:25:45,272 -- cyberlib -- DEBUG -- Instantiated PyPacket object
2023-08-08 09:25:45,276 -- cyberlib -- DEBUG -- created a dataframe out of a PyPacket object
2023-08-08 09:25:45,280 -- cyberlib -- DEBUG -- Instantiated PyPacket object
2023-08-08 09:25:45,283 -- cyberlib -- DEBUG -- created a dataframe out of a PyPacket object
2023-08-08 09:26:51,585 -- cyberlib -- DEBUG -- Instantiated PyPacket object
2023-08-08 09:26:51,588 -- cyberlib -- DEBUG -- created a dataframe out of a PyPacket object
2023-08-08 09:26:51,593 -- cyberlib -- DEBUG -- Instantiated PyPacket object
2023-08-08 09:26:51,596 -- cyberlib -- DEBUG -- created a dataframe out of a PyPacket object
2023-08-08 09:26:51,600 -- cyberlib -- DEBUG -- Instantiated PyPacket object
2023-08-08 09:26:51,603 -- cyberlib -- DEBUG -- created a dataframe out of a PyPacket object
2023-08-08 09:26:51,608 -- cyberlib -- DEBUG -- Instantiated PyPacket object
2023-08-08 09:26:51,611 -- cyberlib -- DEBUG -- created a dataframe out of a PyPacket object
2023-08-08 09:26:51,616 -- cyberlib -- DEBUG -- Instantiated PyPacket object
2023-08-08 09:26:51,619 -- cyberlib -- DEBUG -- created a dataframe out of a PyPacket object
2023-08-08 09:26:51,624 -- cyberlib -- DEBUG -- Instantiated PyPacket object
2023-08-08 09:26:51,627 -- cyberlib -- DEBUG -- created a dataframe out of a PyPacket object
2023-08-08 09:26:51,631 -- cyberlib -- DEBUG -- Instantiated PyPacket object
2023-08-08 09:26:51,633 -- cyberlib -- DEBUG -- created a dataframe out of a PyPacket object
2023-08-08 09:26:51,637 -- cyberlib -- DEBUG -- Instantiated PyPacket object
2023-08-08 09:26:51,641 -- cyberlib -- DEBUG -- created a dataframe out of a PyPacket object
2023-08-08 09:26:51,647 -- cyberlib -- DEBUG -- Instantiated PyPacket object
2023-08-08 09:26:51,650 -- cyberlib -- DEBUG -- created a dataframe out of a PyPacket object
2023-08-08 09:26:51,656 -- cyberlib -- DEBUG -- Instantiated PyPacket object
2023-08-08 09:26:51,658 -- cyberlib -- DEBUG -- created a dataframe out of a PyPacket object
2023-08-08 09:26:51,663 -- cyberlib -- DEBUG -- Instantiated PyPacket object
2023-08-08 09:26:51,665 -- cyberlib -- DEBUG -- created a dataframe out of a PyPacket object
2023-08-08 09:26:51,669 -- cyberlib -- DEBUG -- Instantiated PyPacket object
2023-08-08 09:26:51,671 -- cyberlib -- DEBUG -- created a dataframe out of a PyPacket object
2023-08-08 09:26:51,676 -- cyberlib -- DEBUG -- Instantiated PyPacket object
2023-08-08 09:26:51,678 -- cyberlib -- DEBUG -- created a dataframe out of a PyPacket object
2023-08-08 09:26:51,682 -- cyberlib -- DEBUG -- Instantiated PyPacket object
2023-08-08 09:26:51,684 -- cyberlib -- DEBUG -- created a dataframe out of a PyPacket object
2023-08-08 09:26:51,690 -- cyberlib -- DEBUG -- Instantiated PyPacket object
2023-08-08 09:26:51,693 -- cyberlib -- DEBUG -- created a dataframe out of a PyPacket object
2023-08-08 09:26:51,699 -- cyberlib -- DEBUG -- Instantiated PyPacket object
2023-08-08 09:26:51,702 -- cyberlib -- DEBUG -- created a dataframe out of a PyPacket object
2023-08-08 09:26:51,707 -- cyberlib -- DEBUG -- Instantiated PyPacket object
2023-08-08 09:26:51,709 -- cyberlib -- DEBUG -- created a dataframe out of a PyPacket object
2023-08-08 09:26:51,715 -- cyberlib -- DEBUG -- Instantiated PyPacket object
2023-08-08 09:26:51,718 -- cyberlib -- DEBUG -- created a dataframe out of a PyPacket object
2023-08-08 09:26:51,723 -- cyberlib -- DEBUG -- Instantiated PyPacket object
2023-08-08 09:26:51,727 -- cyberlib -- DEBUG -- created a dataframe out of a PyPacket object
2023-08-08 09:26:51,737 -- cyberlib -- DEBUG -- Instantiated PyPacket object
2023-08-08 09:26:51,741 -- cyberlib -- DEBUG -- created a dataframe out of a PyPacket object
2023-08-08 09:26:51,747 -- cyberlib -- DEBUG -- Instantiated PyPacket object
2023-08-08 09:26:51,750 -- cyberlib -- DEBUG -- created a dataframe out of a PyPacket object
2023-08-08 09:26:51,754 -- cyberlib -- DEBUG -- Instantiated PyPacket object
2023-08-08 09:26:51,756 -- cyberlib -- DEBUG -- created a dataframe out of a PyPacket object
2023-08-08 09:26:51,761 -- cyberlib -- DEBUG -- Instantiated PyPacket object
2023-08-08 09:26:51,763 -- cyberlib -- DEBUG -- created a dataframe out of a PyPacket object
2023-08-08 09:26:51,767 -- cyberlib -- DEBUG -- Instantiated PyPacket object
2023-08-08 09:26:51,769 -- cyberlib -- DEBUG -- created a dataframe out of a PyPacket object
2023-08-08 09:26:51,775 -- cyberlib -- DEBUG -- Instantiated PyPacket object
2023-08-08 09:26:51,777 -- cyberlib -- DEBUG -- created a dataframe out of a PyPacket object
2023-08-08 09:26:51,782 -- cyberlib -- DEBUG -- Instantiated PyPacket object
2023-08-08 09:26:51,784 -- cyberlib -- DEBUG -- created a dataframe out of a PyPacket object
2023-08-08 09:26:51,789 -- cyberlib -- DEBUG -- Instantiated PyPacket object
2023-08-08 09:26:51,793 -- cyberlib -- DEBUG -- created a dataframe out of a PyPacket object
2023-08-08 09:26:51,799 -- cyberlib -- DEBUG -- Instantiated PyPacket object
2023-08-08 09:26:51,802 -- cyberlib -- DEBUG -- created a dataframe out of a PyPacket object
2023-08-08 09:26:51,811 -- cyberlib -- DEBUG -- Instantiated PyPacket object
2023-08-08 09:26:51,815 -- cyberlib -- DEBUG -- created a dataframe out of a PyPacket object
2023-08-08 09:26:51,822 -- cyberlib -- DEBUG -- Instantiated PyPacket object
2023-08-08 09:26:51,825 -- cyberlib -- DEBUG -- created a dataframe out of a PyPacket object
2023-08-08 09:26:51,835 -- cyberlib -- DEBUG -- Instantiated PyPacket object
2023-08-08 09:26:51,838 -- cyberlib -- DEBUG -- created a dataframe out of a PyPacket object
2023-08-08 09:26:51,845 -- cyberlib -- DEBUG -- Instantiated PyPacket object
2023-08-08 09:26:51,847 -- cyberlib -- DEBUG -- created a dataframe out of a PyPacket object
2023-08-08 09:26:51,852 -- cyberlib -- DEBUG -- Instantiated PyPacket object
2023-08-08 09:26:51,855 -- cyberlib -- DEBUG -- created a dataframe out of a PyPacket object
2023-08-08 09:26:51,860 -- cyberlib -- DEBUG -- Instantiated PyPacket object
2023-08-08 09:26:51,863 -- cyberlib -- DEBUG -- created a dataframe out of a PyPacket object
2023-08-08 09:26:51,868 -- cyberlib -- DEBUG -- Instantiated PyPacket object
2023-08-08 09:26:51,870 -- cyberlib -- DEBUG -- created a dataframe out of a PyPacket object
2023-08-08 09:26:51,878 -- cyberlib -- DEBUG -- Instantiated PyPacket object
2023-08-08 09:26:51,880 -- cyberlib -- DEBUG -- created a dataframe out of a PyPacket object
2023-08-08 09:26:51,885 -- cyberlib -- DEBUG -- Instantiated PyPacket object
2023-08-08 09:26:51,888 -- cyberlib -- DEBUG -- created a dataframe out of a PyPacket object
2023-08-08 09:26:51,893 -- cyberlib -- DEBUG -- Instantiated PyPacket object
2023-08-08 09:26:51,896 -- cyberlib -- DEBUG -- created a dataframe out of a PyPacket object
2023-08-08 09:26:51,901 -- cyberlib -- DEBUG -- Instantiated PyPacket object
2023-08-08 09:26:51,905 -- cyberlib -- DEBUG -- created a dataframe out of a PyPacket object
2023-08-08 09:26:51,910 -- cyberlib -- DEBUG -- Instantiated PyPacket object
2023-08-08 09:26:51,913 -- cyberlib -- DEBUG -- created a dataframe out of a PyPacket object
2023-08-08 09:26:51,919 -- cyberlib -- DEBUG -- Instantiated PyPacket object
2023-08-08 09:26:51,922 -- cyberlib -- DEBUG -- created a dataframe out of a PyPacket object
2023-08-08 09:26:51,932 -- cyberlib -- DEBUG -- Instantiated PyPacket object
2023-08-08 09:26:51,935 -- cyberlib -- DEBUG -- created a dataframe out of a PyPacket object
2023-08-08 09:26:51,940 -- cyberlib -- DEBUG -- Instantiated PyPacket object
2023-08-08 09:26:51,943 -- cyberlib -- DEBUG -- created a dataframe out of a PyPacket object
2023-08-08 09:26:51,949 -- cyberlib -- DEBUG -- Instantiated PyPacket object
2023-08-08 09:26:51,951 -- cyberlib -- DEBUG -- created a dataframe out of a PyPacket object
2023-08-08 09:26:51,958 -- cyberlib -- DEBUG -- Instantiated PyPacket object
2023-08-08 09:26:51,961 -- cyberlib -- DEBUG -- created a dataframe out of a PyPacket object
2023-08-08 09:26:51,965 -- cyberlib -- DEBUG -- Instantiated PyPacket object
2023-08-08 09:26:51,968 -- cyberlib -- DEBUG -- created a dataframe out of a PyPacket object
2023-08-08 09:26:51,975 -- cyberlib -- DEBUG -- Instantiated PyPacket object
2023-08-08 09:26:51,978 -- cyberlib -- DEBUG -- created a dataframe out of a PyPacket object
2023-08-08 09:26:51,984 -- cyberlib -- DEBUG -- Instantiated PyPacket object
2023-08-08 09:26:51,986 -- cyberlib -- DEBUG -- created a dataframe out of a PyPacket object
2023-08-08 09:26:51,993 -- cyberlib -- DEBUG -- Instantiated PyPacket object
2023-08-08 09:26:51,996 -- cyberlib -- DEBUG -- created a dataframe out of a PyPacket object
2023-08-08 09:26:52,001 -- cyberlib -- DEBUG -- Instantiated PyPacket object
2023-08-08 09:26:52,004 -- cyberlib -- DEBUG -- created a dataframe out of a PyPacket object
2023-08-08 09:26:52,011 -- cyberlib -- DEBUG -- Instantiated PyPacket object
2023-08-08 09:26:52,015 -- cyberlib -- DEBUG -- created a dataframe out of a PyPacket object
2023-08-08 09:26:52,024 -- cyberlib -- DEBUG -- Instantiated PyPacket object
2023-08-08 09:26:52,027 -- cyberlib -- DEBUG -- created a dataframe out of a PyPacket object
2023-08-08 09:26:52,034 -- cyberlib -- DEBUG -- Instantiated PyPacket object
2023-08-08 09:26:52,037 -- cyberlib -- DEBUG -- created a dataframe out of a PyPacket object
2023-08-08 09:26:52,042 -- cyberlib -- DEBUG -- Instantiated PyPacket object
2023-08-08 09:26:52,045 -- cyberlib -- DEBUG -- created a dataframe out of a PyPacket object
2023-08-08 09:26:52,050 -- cyberlib -- DEBUG -- Instantiated PyPacket object
2023-08-08 09:26:52,053 -- cyberlib -- DEBUG -- created a dataframe out of a PyPacket object
2023-08-08 09:26:52,058 -- cyberlib -- DEBUG -- Instantiated PyPacket object
2023-08-08 09:26:52,061 -- cyberlib -- DEBUG -- created a dataframe out of a PyPacket object
2023-08-08 09:26:52,067 -- cyberlib -- DEBUG -- Instantiated PyPacket object
2023-08-08 09:26:52,070 -- cyberlib -- DEBUG -- created a dataframe out of a PyPacket object
2023-08-08 09:26:52,076 -- cyberlib -- DEBUG -- Instantiated PyPacket object
2023-08-08 09:26:52,080 -- cyberlib -- DEBUG -- created a dataframe out of a PyPacket object
2023-08-08 09:26:52,086 -- cyberlib -- DEBUG -- Instantiated PyPacket object
2023-08-08 09:26:52,089 -- cyberlib -- DEBUG -- created a dataframe out of a PyPacket object
2023-08-08 09:26:52,097 -- cyberlib -- DEBUG -- Instantiated PyPacket object
2023-08-08 09:26:52,100 -- cyberlib -- DEBUG -- created a dataframe out of a PyPacket object
2023-08-08 09:26:52,105 -- cyberlib -- DEBUG -- Instantiated PyPacket object
2023-08-08 09:26:52,110 -- cyberlib -- DEBUG -- created a dataframe out of a PyPacket object
2023-08-08 09:26:52,118 -- cyberlib -- DEBUG -- Instantiated PyPacket object
2023-08-08 09:26:52,121 -- cyberlib -- DEBUG -- created a dataframe out of a PyPacket object
2023-08-08 09:26:52,128 -- cyberlib -- DEBUG -- Instantiated PyPacket object
2023-08-08 09:26:52,131 -- cyberlib -- DEBUG -- created a dataframe out of a PyPacket object
2023-08-08 09:26:52,141 -- cyberlib -- DEBUG -- Instantiated PyPacket object
2023-08-08 09:26:52,144 -- cyberlib -- DEBUG -- created a dataframe out of a PyPacket object
2023-08-08 09:26:52,150 -- cyberlib -- DEBUG -- Instantiated PyPacket object
2023-08-08 09:26:52,153 -- cyberlib -- DEBUG -- created a dataframe out of a PyPacket object
2023-08-08 09:26:52,160 -- cyberlib -- DEBUG -- Instantiated PyPacket object
2023-08-08 09:26:52,163 -- cyberlib -- DEBUG -- created a dataframe out of a PyPacket object
2023-08-08 09:26:52,169 -- cyberlib -- DEBUG -- Instantiated PyPacket object
2023-08-08 09:26:52,174 -- cyberlib -- DEBUG -- created a dataframe out of a PyPacket object
2023-08-08 09:26:52,180 -- cyberlib -- DEBUG -- Instantiated PyPacket object
2023-08-08 09:26:52,183 -- cyberlib -- DEBUG -- created a dataframe out of a PyPacket object
2023-08-08 09:26:52,190 -- cyberlib -- DEBUG -- Instantiated PyPacket object
2023-08-08 09:26:52,194 -- cyberlib -- DEBUG -- created a dataframe out of a PyPacket object
2023-08-08 09:26:52,201 -- cyberlib -- DEBUG -- Instantiated PyPacket object
2023-08-08 09:26:52,203 -- cyberlib -- DEBUG -- created a dataframe out of a PyPacket object
2023-08-08 09:26:52,209 -- cyberlib -- DEBUG -- Instantiated PyPacket object
2023-08-08 09:26:52,212 -- cyberlib -- DEBUG -- created a dataframe out of a PyPacket object
2023-08-08 09:26:52,219 -- cyberlib -- DEBUG -- Instantiated PyPacket object
2023-08-08 09:26:52,222 -- cyberlib -- DEBUG -- created a dataframe out of a PyPacket object
2023-08-08 09:26:52,230 -- cyberlib -- DEBUG -- Instantiated PyPacket object
2023-08-08 09:26:52,233 -- cyberlib -- DEBUG -- created a dataframe out of a PyPacket object
2023-08-08 09:26:52,237 -- cyberlib -- DEBUG -- Instantiated PyPacket object
2023-08-08 09:26:52,242 -- cyberlib -- DEBUG -- created a dataframe out of a PyPacket object
2023-08-08 09:26:52,249 -- cyberlib -- DEBUG -- Instantiated PyPacket object
2023-08-08 09:26:52,252 -- cyberlib -- DEBUG -- created a dataframe out of a PyPacket object
2023-08-08 09:26:52,256 -- cyberlib -- DEBUG -- Instantiated PyPacket object
2023-08-08 09:26:52,260 -- cyberlib -- DEBUG -- created a dataframe out of a PyPacket object
2023-08-08 09:26:52,266 -- cyberlib -- DEBUG -- Instantiated PyPacket object
2023-08-08 09:26:52,269 -- cyberlib -- DEBUG -- created a dataframe out of a PyPacket object
2023-08-08 09:26:52,275 -- cyberlib -- DEBUG -- Instantiated PyPacket object
2023-08-08 09:26:52,278 -- cyberlib -- DEBUG -- created a dataframe out of a PyPacket object
2023-08-08 09:26:52,283 -- cyberlib -- DEBUG -- Instantiated PyPacket object
2023-08-08 09:26:52,285 -- cyberlib -- DEBUG -- created a dataframe out of a PyPacket object
2023-08-08 09:26:52,290 -- cyberlib -- DEBUG -- Instantiated PyPacket object
2023-08-08 09:26:52,294 -- cyberlib -- DEBUG -- created a dataframe out of a PyPacket object
2023-08-08 09:26:52,301 -- cyberlib -- DEBUG -- Instantiated PyPacket object
2023-08-08 09:26:52,303 -- cyberlib -- DEBUG -- created a dataframe out of a PyPacket object
2023-08-08 09:26:52,312 -- cyberlib -- DEBUG -- Instantiated PyPacket object
2023-08-08 09:26:52,316 -- cyberlib -- DEBUG -- created a dataframe out of a PyPacket object
2023-08-08 09:26:52,320 -- cyberlib -- DEBUG -- Instantiated PyPacket object
2023-08-08 09:26:52,323 -- cyberlib -- DEBUG -- created a dataframe out of a PyPacket object
2023-08-08 09:26:52,335 -- cyberlib -- DEBUG -- Instantiated PyPacket object
2023-08-08 09:26:52,337 -- cyberlib -- DEBUG -- created a dataframe out of a PyPacket object
2023-08-08 09:26:52,343 -- cyberlib -- DEBUG -- Instantiated PyPacket object
2023-08-08 09:26:52,345 -- cyberlib -- DEBUG -- created a dataframe out of a PyPacket object
2023-08-08 09:26:52,350 -- cyberlib -- DEBUG -- Instantiated PyPacket object
2023-08-08 09:26:52,352 -- cyberlib -- DEBUG -- created a dataframe out of a PyPacket object
2023-08-08 09:26:52,360 -- cyberlib -- DEBUG -- Instantiated PyPacket object
2023-08-08 09:26:52,362 -- cyberlib -- DEBUG -- created a dataframe out of a PyPacket object
2023-08-08 09:26:52,368 -- cyberlib -- DEBUG -- Instantiated PyPacket object
2023-08-08 09:26:52,371 -- cyberlib -- DEBUG -- created a dataframe out of a PyPacket object
2023-08-08 09:26:52,378 -- cyberlib -- DEBUG -- Instantiated PyPacket object
2023-08-08 09:26:52,382 -- cyberlib -- DEBUG -- created a dataframe out of a PyPacket object
2023-08-08 09:26:52,386 -- cyberlib -- DEBUG -- Instantiated PyPacket object
2023-08-08 09:26:52,389 -- cyberlib -- DEBUG -- created a dataframe out of a PyPacket object
2023-08-08 09:26:52,656 -- cyberlib -- DEBUG -- Instantiated PyPacket object
2023-08-08 09:26:52,660 -- cyberlib -- DEBUG -- created a dataframe out of a PyPacket object
2023-08-08 09:26:52,668 -- cyberlib -- DEBUG -- Instantiated PyPacket object
2023-08-08 09:26:52,671 -- cyberlib -- DEBUG -- created a dataframe out of a PyPacket object
2023-08-08 09:26:52,679 -- cyberlib -- DEBUG -- Instantiated PyPacket object
2023-08-08 09:26:52,683 -- cyberlib -- DEBUG -- created a dataframe out of a PyPacket object
2023-08-08 09:26:52,687 -- cyberlib -- DEBUG -- Instantiated PyPacket object
2023-08-08 09:26:52,690 -- cyberlib -- DEBUG -- created a dataframe out of a PyPacket object
2023-08-08 09:26:52,696 -- cyberlib -- DEBUG -- Instantiated PyPacket object
2023-08-08 09:26:52,699 -- cyberlib -- DEBUG -- created a dataframe out of a PyPacket object
2023-08-08 09:26:52,800 -- cyberlib -- DEBUG -- Instantiated PyPacket object
2023-08-08 09:26:52,803 -- cyberlib -- DEBUG -- created a dataframe out of a PyPacket object
2023-08-08 09:26:52,810 -- cyberlib -- DEBUG -- Instantiated PyPacket object
2023-08-08 09:26:52,813 -- cyberlib -- DEBUG -- created a dataframe out of a PyPacket object
2023-08-08 09:26:52,821 -- cyberlib -- DEBUG -- Instantiated PyPacket object
2023-08-08 09:26:52,825 -- cyberlib -- DEBUG -- created a dataframe out of a PyPacket object
2023-08-08 09:26:52,835 -- cyberlib -- DEBUG -- Instantiated PyPacket object
2023-08-08 09:26:52,838 -- cyberlib -- DEBUG -- created a dataframe out of a PyPacket object
2023-08-08 09:26:52,847 -- cyberlib -- DEBUG -- Instantiated PyPacket object
2023-08-08 09:26:52,849 -- cyberlib -- DEBUG -- created a dataframe out of a PyPacket object
2023-08-08 09:26:52,854 -- cyberlib -- DEBUG -- Instantiated PyPacket object
2023-08-08 09:26:52,857 -- cyberlib -- DEBUG -- created a dataframe out of a PyPacket object
2023-08-08 09:26:52,864 -- cyberlib -- DEBUG -- Instantiated PyPacket object
2023-08-08 09:26:52,867 -- cyberlib -- DEBUG -- created a dataframe out of a PyPacket object
2023-08-08 09:26:52,872 -- cyberlib -- DEBUG -- Instantiated PyPacket object
2023-08-08 09:26:52,877 -- cyberlib -- DEBUG -- created a dataframe out of a PyPacket object
2023-08-08 09:26:52,884 -- cyberlib -- DEBUG -- Instantiated PyPacket object
2023-08-08 09:26:52,887 -- cyberlib -- DEBUG -- created a dataframe out of a PyPacket object
2023-08-08 09:26:52,895 -- cyberlib -- DEBUG -- Instantiated PyPacket object
2023-08-08 09:26:52,899 -- cyberlib -- DEBUG -- created a dataframe out of a PyPacket object
2023-08-08 09:26:52,905 -- cyberlib -- DEBUG -- Instantiated PyPacket object
2023-08-08 09:26:52,908 -- cyberlib -- DEBUG -- created a dataframe out of a PyPacket object
