17/6/2023 -- 17:17:13 - <Notice> - This is Suricata version 6.0.1 RELEASE running in USER mode
17/6/2023 -- 17:17:13 - <Info> - CPUs/cores online: 4
17/6/2023 -- 17:17:13 - <Config> - luajit states preallocated: 128
17/6/2023 -- 17:17:13 - <Config> - 'default' server has 'request-body-minimal-inspect-size' set to 32485 and 'request-body-inspect-window' set to 4080 after randomization.
17/6/2023 -- 17:17:13 - <Config> - 'default' server has 'response-body-minimal-inspect-size' set to 42030 and 'response-body-inspect-window' set to 15997 after randomization.
17/6/2023 -- 17:17:13 - <Config> - SMB stream depth: 0
17/6/2023 -- 17:17:13 - <Config> - Protocol detection and parser disabled for modbus protocol.
17/6/2023 -- 17:17:13 - <Config> - Protocol detection and parser disabled for enip protocol.
17/6/2023 -- 17:17:13 - <Config> - Protocol detection and parser disabled for DNP3.
17/6/2023 -- 17:17:13 - <Config> - allocated 262144 bytes of memory for the host hash... 4096 buckets of size 64
17/6/2023 -- 17:17:13 - <Config> - preallocated 1000 hosts of size 136
17/6/2023 -- 17:17:13 - <Config> - host memory usage: 398144 bytes, maximum: 33554432
17/6/2023 -- 17:17:13 - <Config> - Core dump size set to unlimited.
17/6/2023 -- 17:17:13 - <Config> - allocated 3670016 bytes of memory for the defrag hash... 65536 buckets of size 56
17/6/2023 -- 17:17:13 - <Config> - preallocated 65535 defrag trackers of size 160
17/6/2023 -- 17:17:13 - <Config> - defrag memory usage: 14155616 bytes, maximum: 33554432
17/6/2023 -- 17:17:13 - <Config> - flow size 328, memcap allows for 409200 flows. Per hash row in perfect conditions 6
17/6/2023 -- 17:17:13 - <Config> - stream "prealloc-sessions": 2048 (per thread)
17/6/2023 -- 17:17:13 - <Config> - stream "memcap": 67108864
17/6/2023 -- 17:17:13 - <Config> - stream "midstream" session pickups: disabled
17/6/2023 -- 17:17:13 - <Config> - stream "async-oneside": disabled
17/6/2023 -- 17:17:13 - <Config> - stream "checksum-validation": enabled
17/6/2023 -- 17:17:13 - <Config> - stream."inline": disabled
17/6/2023 -- 17:17:13 - <Config> - stream "bypass": disabled
17/6/2023 -- 17:17:13 - <Config> - stream "max-synack-queued": 5
17/6/2023 -- 17:17:13 - <Config> - stream.reassembly "memcap": 268435456
17/6/2023 -- 17:17:13 - <Config> - stream.reassembly "depth": 1048576
17/6/2023 -- 17:17:13 - <Config> - stream.reassembly "toserver-chunk-size": 2588
17/6/2023 -- 17:17:13 - <Config> - stream.reassembly "toclient-chunk-size": 2452
17/6/2023 -- 17:17:13 - <Config> - stream.reassembly.raw: enabled
17/6/2023 -- 17:17:13 - <Config> - stream.reassembly "segment-prealloc": 2048
17/6/2023 -- 17:17:13 - <Info> - fast output device (regular) initialized: fast.log
17/6/2023 -- 17:17:13 - <Info> - eve-log output device (regular) initialized: eve.json
17/6/2023 -- 17:17:13 - <Config> - Enabling eve community_id logging.
17/6/2023 -- 17:17:13 - <Config> - enabling 'eve-log' module 'alert'
17/6/2023 -- 17:17:13 - <Config> - enabling 'eve-log' module 'anomaly'
17/6/2023 -- 17:17:13 - <Config> - enabling 'eve-log' module 'http'
17/6/2023 -- 17:17:13 - <Config> - enabling 'eve-log' module 'dns'
17/6/2023 -- 17:17:13 - <Config> - eve-log dns version not set, defaulting to version 2
17/6/2023 -- 17:17:13 - <Config> - eve-log dns version not set, defaulting to version 2
17/6/2023 -- 17:17:13 - <Config> - enabling 'eve-log' module 'tls'
17/6/2023 -- 17:17:13 - <Config> - enabling 'eve-log' module 'files'
17/6/2023 -- 17:17:13 - <Config> - enabling 'eve-log' module 'smtp'
17/6/2023 -- 17:17:13 - <Config> - enabling 'eve-log' module 'ftp'
17/6/2023 -- 17:17:13 - <Config> - enabling 'eve-log' module 'rdp'
17/6/2023 -- 17:17:13 - <Config> - enabling 'eve-log' module 'nfs'
17/6/2023 -- 17:17:13 - <Config> - enabling 'eve-log' module 'smb'
17/6/2023 -- 17:17:13 - <Config> - enabling 'eve-log' module 'tftp'
17/6/2023 -- 17:17:13 - <Config> - enabling 'eve-log' module 'ikev2'
17/6/2023 -- 17:17:13 - <Config> - enabling 'eve-log' module 'dcerpc'
17/6/2023 -- 17:17:13 - <Config> - enabling 'eve-log' module 'krb5'
17/6/2023 -- 17:17:13 - <Config> - enabling 'eve-log' module 'snmp'
17/6/2023 -- 17:17:13 - <Config> - enabling 'eve-log' module 'rfb'
17/6/2023 -- 17:17:13 - <Config> - enabling 'eve-log' module 'sip'
17/6/2023 -- 17:17:13 - <Config> - enabling 'eve-log' module 'dhcp'
17/6/2023 -- 17:17:13 - <Config> - enabling 'eve-log' module 'ssh'
17/6/2023 -- 17:17:13 - <Config> - enabling 'eve-log' module 'mqtt'
17/6/2023 -- 17:17:13 - <Config> - enabling 'eve-log' module 'stats'
17/6/2023 -- 17:17:13 - <Config> - enabling 'eve-log' module 'flow'
17/6/2023 -- 17:17:13 - <Info> - stats output device (regular) initialized: stats.log
17/6/2023 -- 17:17:13 - <Config> - Delayed detect disabled
17/6/2023 -- 17:17:13 - <Config> - pattern matchers: MPM: hs, SPM: hs
17/6/2023 -- 17:17:13 - <Config> - grouping: tcp-whitelist (default) 53, 80, 139, 443, 445, 1433, 3306, 3389, 6666, 6667, 8080
17/6/2023 -- 17:17:13 - <Config> - grouping: udp-whitelist (default) 53, 135, 5060
17/6/2023 -- 17:17:13 - <Config> - prefilter engines: MPM
17/6/2023 -- 17:17:13 - <Perf> - using shared mpm ctx' for http_uri
17/6/2023 -- 17:17:13 - <Perf> - using shared mpm ctx' for http_raw_uri
17/6/2023 -- 17:17:13 - <Perf> - using shared mpm ctx' for http_request_line
17/6/2023 -- 17:17:13 - <Perf> - using shared mpm ctx' for http_client_body
17/6/2023 -- 17:17:13 - <Perf> - using shared mpm ctx' for http_response_line
17/6/2023 -- 17:17:13 - <Perf> - using shared mpm ctx' for http_header
17/6/2023 -- 17:17:13 - <Perf> - using shared mpm ctx' for http_header
17/6/2023 -- 17:17:13 - <Perf> - using shared mpm ctx' for http_header_names
17/6/2023 -- 17:17:13 - <Perf> - using shared mpm ctx' for http_header_names
17/6/2023 -- 17:17:13 - <Perf> - using shared mpm ctx' for http_accept
17/6/2023 -- 17:17:13 - <Perf> - using shared mpm ctx' for http_accept_enc
17/6/2023 -- 17:17:13 - <Perf> - using shared mpm ctx' for http_accept_lang
17/6/2023 -- 17:17:13 - <Perf> - using shared mpm ctx' for http_referer
17/6/2023 -- 17:17:13 - <Perf> - using shared mpm ctx' for http_connection
17/6/2023 -- 17:17:13 - <Perf> - using shared mpm ctx' for http_content_len
17/6/2023 -- 17:17:13 - <Perf> - using shared mpm ctx' for http_content_len
17/6/2023 -- 17:17:13 - <Perf> - using shared mpm ctx' for http_content_type
17/6/2023 -- 17:17:13 - <Perf> - using shared mpm ctx' for http_content_type
17/6/2023 -- 17:17:13 - <Perf> - using shared mpm ctx' for http.server
17/6/2023 -- 17:17:13 - <Perf> - using shared mpm ctx' for http.location
17/6/2023 -- 17:17:13 - <Perf> - using shared mpm ctx' for http_protocol
17/6/2023 -- 17:17:13 - <Perf> - using shared mpm ctx' for http_protocol
17/6/2023 -- 17:17:13 - <Perf> - using shared mpm ctx' for http_start
17/6/2023 -- 17:17:13 - <Perf> - using shared mpm ctx' for http_start
17/6/2023 -- 17:17:13 - <Perf> - using shared mpm ctx' for http_raw_header
17/6/2023 -- 17:17:13 - <Perf> - using shared mpm ctx' for http_raw_header
17/6/2023 -- 17:17:13 - <Perf> - using shared mpm ctx' for http_method
17/6/2023 -- 17:17:13 - <Perf> - using shared mpm ctx' for http_cookie
17/6/2023 -- 17:17:13 - <Perf> - using shared mpm ctx' for http_cookie
17/6/2023 -- 17:17:13 - <Perf> - using shared mpm ctx' for file.name
17/6/2023 -- 17:17:13 - <Perf> - using shared mpm ctx' for file.name
17/6/2023 -- 17:17:13 - <Perf> - using shared mpm ctx' for file.name
17/6/2023 -- 17:17:13 - <Perf> - using shared mpm ctx' for file.name
17/6/2023 -- 17:17:13 - <Perf> - using shared mpm ctx' for file.name
17/6/2023 -- 17:17:13 - <Perf> - using shared mpm ctx' for file.name
17/6/2023 -- 17:17:13 - <Perf> - using shared mpm ctx' for file.name
17/6/2023 -- 17:17:13 - <Perf> - using shared mpm ctx' for file.name
17/6/2023 -- 17:17:13 - <Perf> - using shared mpm ctx' for file.name
17/6/2023 -- 17:17:13 - <Perf> - using shared mpm ctx' for file.magic
17/6/2023 -- 17:17:13 - <Perf> - using shared mpm ctx' for file.magic
17/6/2023 -- 17:17:13 - <Perf> - using shared mpm ctx' for file.magic
17/6/2023 -- 17:17:13 - <Perf> - using shared mpm ctx' for file.magic
17/6/2023 -- 17:17:13 - <Perf> - using shared mpm ctx' for file.magic
17/6/2023 -- 17:17:13 - <Perf> - using shared mpm ctx' for file.magic
17/6/2023 -- 17:17:13 - <Perf> - using shared mpm ctx' for file.magic
17/6/2023 -- 17:17:13 - <Perf> - using shared mpm ctx' for file.magic
17/6/2023 -- 17:17:13 - <Perf> - using shared mpm ctx' for file.magic
17/6/2023 -- 17:17:13 - <Perf> - using shared mpm ctx' for file.magic
17/6/2023 -- 17:17:13 - <Perf> - using shared mpm ctx' for file.magic
17/6/2023 -- 17:17:13 - <Perf> - using shared mpm ctx' for http_user_agent
17/6/2023 -- 17:17:13 - <Perf> - using shared mpm ctx' for http_host
17/6/2023 -- 17:17:13 - <Perf> - using shared mpm ctx' for http_raw_host
17/6/2023 -- 17:17:13 - <Perf> - using shared mpm ctx' for http_stat_msg
17/6/2023 -- 17:17:13 - <Perf> - using shared mpm ctx' for http_stat_code
17/6/2023 -- 17:17:13 - <Perf> - using shared mpm ctx' for http2_header_name
17/6/2023 -- 17:17:13 - <Perf> - using shared mpm ctx' for http2_header_name
17/6/2023 -- 17:17:13 - <Perf> - using shared mpm ctx' for http2_header
17/6/2023 -- 17:17:13 - <Perf> - using shared mpm ctx' for http2_header
17/6/2023 -- 17:17:13 - <Perf> - using shared mpm ctx' for dns_query
17/6/2023 -- 17:17:13 - <Perf> - using shared mpm ctx' for dnp3_data
17/6/2023 -- 17:17:13 - <Perf> - using shared mpm ctx' for dnp3_data
17/6/2023 -- 17:17:13 - <Perf> - using shared mpm ctx' for tls.sni
17/6/2023 -- 17:17:13 - <Perf> - using shared mpm ctx' for tls.cert_issuer
17/6/2023 -- 17:17:13 - <Perf> - using shared mpm ctx' for tls.cert_subject
17/6/2023 -- 17:17:13 - <Perf> - using shared mpm ctx' for tls.cert_serial
17/6/2023 -- 17:17:13 - <Perf> - using shared mpm ctx' for tls.cert_fingerprint
17/6/2023 -- 17:17:13 - <Perf> - using shared mpm ctx' for tls.certs
17/6/2023 -- 17:17:13 - <Perf> - using shared mpm ctx' for ja3.hash
17/6/2023 -- 17:17:13 - <Perf> - using shared mpm ctx' for ja3.string
17/6/2023 -- 17:17:13 - <Perf> - using shared mpm ctx' for ja3s.hash
17/6/2023 -- 17:17:13 - <Perf> - using shared mpm ctx' for ja3s.string
17/6/2023 -- 17:17:13 - <Perf> - using shared mpm ctx' for dce_stub_data
17/6/2023 -- 17:17:13 - <Perf> - using shared mpm ctx' for dce_stub_data
17/6/2023 -- 17:17:13 - <Perf> - using shared mpm ctx' for dce_stub_data
17/6/2023 -- 17:17:13 - <Perf> - using shared mpm ctx' for dce_stub_data
17/6/2023 -- 17:17:13 - <Perf> - using shared mpm ctx' for smb_named_pipe
17/6/2023 -- 17:17:13 - <Perf> - using shared mpm ctx' for smb_share
17/6/2023 -- 17:17:13 - <Perf> - using shared mpm ctx' for ssh.proto
17/6/2023 -- 17:17:13 - <Perf> - using shared mpm ctx' for ssh.proto
17/6/2023 -- 17:17:13 - <Perf> - using shared mpm ctx' for ssh_software
17/6/2023 -- 17:17:13 - <Perf> - using shared mpm ctx' for ssh_software
17/6/2023 -- 17:17:13 - <Perf> - using shared mpm ctx' for ssh.hassh
17/6/2023 -- 17:17:13 - <Perf> - using shared mpm ctx' for ssh.hassh.server
17/6/2023 -- 17:17:13 - <Perf> - using shared mpm ctx' for ssh.hassh.string
17/6/2023 -- 17:17:13 - <Perf> - using shared mpm ctx' for ssh.hassh.server.string
17/6/2023 -- 17:17:13 - <Perf> - using shared mpm ctx' for file_data
17/6/2023 -- 17:17:13 - <Perf> - using shared mpm ctx' for file_data
17/6/2023 -- 17:17:13 - <Perf> - using shared mpm ctx' for file_data
17/6/2023 -- 17:17:13 - <Perf> - using shared mpm ctx' for file_data
17/6/2023 -- 17:17:13 - <Perf> - using shared mpm ctx' for file_data
17/6/2023 -- 17:17:13 - <Perf> - using shared mpm ctx' for file_data
17/6/2023 -- 17:17:13 - <Perf> - using shared mpm ctx' for krb5_cname
17/6/2023 -- 17:17:13 - <Perf> - using shared mpm ctx' for krb5_sname
17/6/2023 -- 17:17:13 - <Perf> - using shared mpm ctx' for sip.method
17/6/2023 -- 17:17:13 - <Perf> - using shared mpm ctx' for sip.uri
17/6/2023 -- 17:17:13 - <Perf> - using shared mpm ctx' for sip.protocol
17/6/2023 -- 17:17:13 - <Perf> - using shared mpm ctx' for sip.protocol
17/6/2023 -- 17:17:13 - <Perf> - using shared mpm ctx' for sip.method
17/6/2023 -- 17:17:13 - <Perf> - using shared mpm ctx' for sip.stat_msg
17/6/2023 -- 17:17:13 - <Perf> - using shared mpm ctx' for sip.request_line
17/6/2023 -- 17:17:13 - <Perf> - using shared mpm ctx' for sip.response_line
17/6/2023 -- 17:17:13 - <Perf> - using shared mpm ctx' for rfb.name
17/6/2023 -- 17:17:13 - <Perf> - using shared mpm ctx' for snmp.community
17/6/2023 -- 17:17:13 - <Perf> - using shared mpm ctx' for snmp.community
17/6/2023 -- 17:17:13 - <Perf> - using shared mpm ctx' for mqtt.connect.clientid
17/6/2023 -- 17:17:13 - <Perf> - using shared mpm ctx' for mqtt.connect.username
17/6/2023 -- 17:17:13 - <Perf> - using shared mpm ctx' for mqtt.connect.password
17/6/2023 -- 17:17:13 - <Perf> - using shared mpm ctx' for mqtt.connect.willtopic
17/6/2023 -- 17:17:13 - <Perf> - using shared mpm ctx' for mqtt.connect.willmessage
17/6/2023 -- 17:17:13 - <Perf> - using shared mpm ctx' for mqtt.publish.topic
17/6/2023 -- 17:17:13 - <Perf> - using shared mpm ctx' for mqtt.publish.message
17/6/2023 -- 17:17:13 - <Perf> - using shared mpm ctx' for mqtt.subscribe.topic
17/6/2023 -- 17:17:13 - <Perf> - using shared mpm ctx' for mqtt.unsubscribe.topic
17/6/2023 -- 17:17:13 - <Perf> - using shared mpm ctx' for icmpv4.hdr
17/6/2023 -- 17:17:13 - <Perf> - using shared mpm ctx' for tcp.hdr
17/6/2023 -- 17:17:13 - <Perf> - using shared mpm ctx' for udp.hdr
17/6/2023 -- 17:17:13 - <Perf> - using shared mpm ctx' for icmpv6.hdr
17/6/2023 -- 17:17:13 - <Perf> - using shared mpm ctx' for ipv4.hdr
17/6/2023 -- 17:17:13 - <Perf> - using shared mpm ctx' for ipv6.hdr
17/6/2023 -- 17:17:13 - <Config> - IP reputation disabled
17/6/2023 -- 17:17:13 - <Config> - Loading rule file: /var/lib/suricata/rules/suricata.rules
17/6/2023 -- 17:17:22 - <Info> - 1 rule files processed. 34088 rules successfully loaded, 0 rules failed
17/6/2023 -- 17:17:22 - <Info> - Threshold config parsed: 0 rule(s) found
17/6/2023 -- 17:17:23 - <Perf> - using shared mpm ctx' for tcp-packet
17/6/2023 -- 17:17:23 - <Perf> - using shared mpm ctx' for tcp-stream
17/6/2023 -- 17:17:23 - <Perf> - using shared mpm ctx' for udp-packet
17/6/2023 -- 17:17:23 - <Perf> - using shared mpm ctx' for other-ip
17/6/2023 -- 17:17:23 - <Info> - 34091 signatures processed. 1270 are IP-only rules, 5214 are inspecting packet payload, 27407 inspect application layer, 104 are decoder event only
17/6/2023 -- 17:17:23 - <Config> - building signature grouping structure, stage 1: preprocessing rules... complete
17/6/2023 -- 17:17:23 - <Perf> - TCP toserver: 41 port groups, 40 unique SGH's, 1 copies
17/6/2023 -- 17:17:23 - <Perf> - TCP toclient: 21 port groups, 21 unique SGH's, 0 copies
17/6/2023 -- 17:17:23 - <Perf> - UDP toserver: 41 port groups, 39 unique SGH's, 2 copies
17/6/2023 -- 17:17:23 - <Perf> - UDP toclient: 21 port groups, 16 unique SGH's, 5 copies
17/6/2023 -- 17:17:23 - <Perf> - OTHER toserver: 254 proto groups, 4 unique SGH's, 250 copies
17/6/2023 -- 17:17:23 - <Perf> - OTHER toclient: 254 proto groups, 0 unique SGH's, 254 copies
17/6/2023 -- 17:17:53 - <Perf> - Unique rule groups: 120
17/6/2023 -- 17:17:53 - <Perf> - Builtin MPM "toserver TCP packet": 29
17/6/2023 -- 17:17:53 - <Perf> - Builtin MPM "toclient TCP packet": 20
17/6/2023 -- 17:17:53 - <Perf> - Builtin MPM "toserver TCP stream": 31
17/6/2023 -- 17:17:53 - <Perf> - Builtin MPM "toclient TCP stream": 20
17/6/2023 -- 17:17:53 - <Perf> - Builtin MPM "toserver UDP packet": 39
17/6/2023 -- 17:17:53 - <Perf> - Builtin MPM "toclient UDP packet": 16
17/6/2023 -- 17:17:53 - <Perf> - Builtin MPM "other IP packet": 3
17/6/2023 -- 17:17:53 - <Perf> - AppLayer MPM "toserver http_uri (http)": 8
17/6/2023 -- 17:17:53 - <Perf> - AppLayer MPM "toserver http_raw_uri (http)": 2
17/6/2023 -- 17:17:53 - <Perf> - AppLayer MPM "toserver http_request_line (http)": 5
17/6/2023 -- 17:17:53 - <Perf> - AppLayer MPM "toserver http_client_body (http)": 7
17/6/2023 -- 17:17:53 - <Perf> - AppLayer MPM "toclient http_response_line (http)": 1
17/6/2023 -- 17:17:53 - <Perf> - AppLayer MPM "toserver http_header (http)": 8
17/6/2023 -- 17:17:53 - <Perf> - AppLayer MPM "toclient http_header (http)": 8
17/6/2023 -- 17:17:53 - <Perf> - AppLayer MPM "toserver http_header_names (http)": 9
17/6/2023 -- 17:17:53 - <Perf> - AppLayer MPM "toclient http_header_names (http)": 9
17/6/2023 -- 17:17:53 - <Perf> - AppLayer MPM "toserver http_accept (http)": 5
17/6/2023 -- 17:17:53 - <Perf> - AppLayer MPM "toserver http_accept_enc (http)": 1
17/6/2023 -- 17:17:53 - <Perf> - AppLayer MPM "toserver http_accept_lang (http)": 1
17/6/2023 -- 17:17:53 - <Perf> - AppLayer MPM "toserver http_referer (http)": 1
17/6/2023 -- 17:17:53 - <Perf> - AppLayer MPM "toserver http_connection (http)": 1
17/6/2023 -- 17:17:53 - <Perf> - AppLayer MPM "toserver http_content_len (http)": 1
17/6/2023 -- 17:17:53 - <Perf> - AppLayer MPM "toclient http_content_len (http)": 1
17/6/2023 -- 17:17:53 - <Perf> - AppLayer MPM "toserver http_content_type (http)": 2
17/6/2023 -- 17:17:53 - <Perf> - AppLayer MPM "toclient http_content_type (http)": 2
17/6/2023 -- 17:17:53 - <Perf> - AppLayer MPM "toclient http.server (http)": 2
17/6/2023 -- 17:17:53 - <Perf> - AppLayer MPM "toclient http.location (http)": 1
17/6/2023 -- 17:17:53 - <Perf> - AppLayer MPM "toserver http_start (http)": 6
17/6/2023 -- 17:17:53 - <Perf> - AppLayer MPM "toclient http_start (http)": 6
17/6/2023 -- 17:17:53 - <Perf> - AppLayer MPM "toserver http_raw_header (http)": 2
17/6/2023 -- 17:17:53 - <Perf> - AppLayer MPM "toclient http_raw_header (http)": 2
17/6/2023 -- 17:17:53 - <Perf> - AppLayer MPM "toserver http_method (http)": 2
17/6/2023 -- 17:17:53 - <Perf> - AppLayer MPM "toserver http_cookie (http)": 3
17/6/2023 -- 17:17:53 - <Perf> - AppLayer MPM "toclient http_cookie (http)": 3
17/6/2023 -- 17:17:53 - <Perf> - AppLayer MPM "toserver http_user_agent (http)": 7
17/6/2023 -- 17:17:53 - <Perf> - AppLayer MPM "toserver http_host (http)": 1
17/6/2023 -- 17:17:53 - <Perf> - AppLayer MPM "toserver http_host (http)": 2
17/6/2023 -- 17:17:53 - <Perf> - AppLayer MPM "toserver http_raw_host (http)": 1
17/6/2023 -- 17:17:53 - <Perf> - AppLayer MPM "toclient http_stat_code (http)": 2
17/6/2023 -- 17:17:53 - <Perf> - AppLayer MPM "toserver dns_query (dns)": 1
17/6/2023 -- 17:17:53 - <Perf> - AppLayer MPM "toserver dns_query (dns)": 1
17/6/2023 -- 17:17:53 - <Perf> - AppLayer MPM "toserver tls.sni (tls)": 2
17/6/2023 -- 17:17:53 - <Perf> - AppLayer MPM "toserver tls.sni (tls)": 1
17/6/2023 -- 17:17:53 - <Perf> - AppLayer MPM "toclient tls.cert_issuer (tls)": 5
17/6/2023 -- 17:17:53 - <Perf> - AppLayer MPM "toclient tls.cert_subject (tls)": 4
17/6/2023 -- 17:17:53 - <Perf> - AppLayer MPM "toclient tls.cert_serial (tls)": 2
17/6/2023 -- 17:17:53 - <Perf> - AppLayer MPM "toclient tls.certs (tls)": 3
17/6/2023 -- 17:17:53 - <Perf> - AppLayer MPM "toserver ja3.hash (tls)": 2
17/6/2023 -- 17:17:53 - <Perf> - AppLayer MPM "toclient ja3s.hash (tls)": 1
17/6/2023 -- 17:17:53 - <Perf> - AppLayer MPM "toserver ssh.proto (ssh)": 1
17/6/2023 -- 17:17:53 - <Perf> - AppLayer MPM "toclient ssh.proto (ssh)": 1
17/6/2023 -- 17:17:53 - <Perf> - AppLayer MPM "toserver file_data (smtp)": 7
17/6/2023 -- 17:17:53 - <Perf> - AppLayer MPM "toclient file_data (http)": 7
17/6/2023 -- 17:17:53 - <Perf> - AppLayer MPM "toserver file_data (smb)": 7
17/6/2023 -- 17:17:53 - <Perf> - AppLayer MPM "toclient file_data (smb)": 7
17/6/2023 -- 17:17:53 - <Perf> - AppLayer MPM "toserver file_data (http2)": 7
17/6/2023 -- 17:17:53 - <Perf> - AppLayer MPM "toclient file_data (http2)": 7
17/6/2023 -- 17:18:04 - <Config> - AutoFP mode using "Hash" flow load balancer
17/6/2023 -- 17:18:04 - <Config> - using 1 flow manager threads
17/6/2023 -- 17:18:04 - <Config> - using 1 flow recycler threads
17/6/2023 -- 17:18:04 - <Info> - Using unix socket file '/var/run/suricata-command.socket'
17/6/2023 -- 17:18:04 - <Notice> - all 5 packet processing threads, 4 management threads initialized, engine started.
17/6/2023 -- 17:18:04 - <Info> - Starting file run for home.pcap
17/6/2023 -- 17:18:04 - <Info> - pcap file home.pcap end of file reached (pcap err code 0)
17/6/2023 -- 17:18:04 - <Notice> - Signal Received.  Stopping engine.
17/6/2023 -- 17:18:04 - <Perf> - 0 new flows, 0 established flows were timed out, 0 flows in closed state
17/6/2023 -- 17:18:04 - <Info> - time elapsed 0.075s
17/6/2023 -- 17:18:04 - <Perf> - 43 flows processed
17/6/2023 -- 17:18:04 - <Warning> - [ERRCODE: SC_ERR_INVALID_CHECKSUM(11)] - 1/1th of packets have an invalid checksum, consider setting pcap-file.checksum-checks variable to no or use '-k none' option on command line.
17/6/2023 -- 17:18:04 - <Notice> - Pcap-file module read 1 files, 939 packets, 1252107 bytes
17/6/2023 -- 17:18:04 - <Perf> - AutoFP - Total flow handler queues - 4
17/6/2023 -- 17:18:04 - <Info> - Alerts: 660
17/6/2023 -- 17:18:04 - <Perf> - ippair memory usage: 414144 bytes, maximum: 16777216
17/6/2023 -- 17:18:04 - <Perf> - host memory usage: 398144 bytes, maximum: 33554432
17/6/2023 -- 17:18:05 - <Info> - cleaning up signature grouping structure... complete
17/6/2023 -- 17:18:05 - <Perf> - Cleaning up Hyperscan global scratch
17/6/2023 -- 17:18:05 - <Perf> - Clearing Hyperscan database cache
